Open5GS daemon v2.6.4-78-g7f08873

11/14 23:34:21.810: [app] INFO: Configuration: '/open5gs/install/etc/open5gs/nrf.yaml' (../lib/app/ogs-init.c:126)
11/14 23:34:21.811: [app] INFO: File Logging: '/open5gs/install/var/log/open5gs/nrf.log' (../lib/app/ogs-init.c:129)
11/14 23:34:21.815: [sbi] INFO: nghttp2_server() [http://172.22.0.12]:7777 (../lib/sbi/nghttp2-server.c:395)
11/14 23:34:21.815: [app] INFO: NRF initialize...done (../src/nrf/app.c:31)
11/14 23:34:22.108: [nrf] INFO: [f4f5ca62-833d-41ee-a67b-0bb455931fa1] NF registered [Heartbeat:10s] (../src/nrf/nf-sm.c:190)
11/14 23:34:22.111: [nrf] INFO: [f4f6b080-833d-41ee-87f2-ed26e7862859] Subscription created until 2023-11-15T23:34:22.111662+01:00 [validity_duration:86400] (../src/nrf/nnrf-handler.c:334)
11/14 23:34:22.112: [nrf] INFO: [f4f6dc7c-833d-41ee-87f2-ed26e7862859] Subscription created until 2023-11-15T23:34:22.112687+01:00 [validity_duration:86400] (../src/nrf/nnrf-handler.c:334)
11/14 23:34:22.113: [nrf] INFO: [f4f6e898-833d-41ee-87f2-ed26e7862859] Subscription created until 2023-11-15T23:34:22.112995+01:00 [validity_duration:86400] (../src/nrf/nnrf-handler.c:334)
11/14 23:34:22.113: [nrf] INFO: [f4f6f658-833d-41ee-87f2-ed26e7862859] Subscription created until 2023-11-15T23:34:22.113349+01:00 [validity_duration:86400] (../src/nrf/nnrf-handler.c:334)
11/14 23:34:22.113: [nrf] INFO: [f4f702e2-833d-41ee-87f2-ed26e7862859] Subscription created until 2023-11-15T23:34:22.113672+01:00 [validity_duration:86400] (../src/nrf/nnrf-handler.c:334)
11/14 23:34:22.114: [nrf] INFO: [f4f71160-833d-41ee-87f2-ed26e7862859] Subscription created until 2023-11-15T23:34:22.114039+01:00 [validity_duration:86400] (../src/nrf/nnrf-handler.c:334)
11/14 23:34:22.114: [nrf] INFO: [f4f71bce-833d-41ee-87f2-ed26e7862859] Subscription created until 2023-11-15T23:34:22.114319+01:00 [validity_duration:86400] (../src/nrf/nnrf-handler.c:334)
11/14 23:34:22.114: [nrf] INFO: [f4f72a56-833d-41ee-87f2-ed26e7862859] Subscription created until 2023-11-15T23:34:22.114679+01:00 [validity_duration:86400] (../src/nrf/nnrf-handler.c:334)
11/14 23:34:25.611: [nrf] INFO: [f70c3534-833d-41ee-a53b-7912e2c4f2ae] NF registered [Heartbeat:10s] (../src/nrf/nf-sm.c:190)
11/14 23:34:25.614: [nrf] INFO: [f70d3cb8-833d-41ee-87f2-ed26e7862859] Subscription created until 2023-11-15T23:34:25.614791+01:00 [validity_duration:86400] (../src/nrf/nnrf-handler.c:334)
11/14 23:34:25.868: [nrf] INFO: [f733784c-833d-41ee-9dcd-4b82b0f30ec5] NF registered [Heartbeat:10s] (../src/nrf/nf-sm.c:190)
11/14 23:34:25.870: [nrf] INFO: [f73450a0-833d-41ee-87f2-ed26e7862859] Subscription created until 2023-11-15T23:34:25.870909+01:00 [validity_duration:86400] (../src/nrf/nnrf-handler.c:334)
11/14 23:34:27.285: [nrf] INFO: [f80b39a8-833d-41ee-b188-05b64a904ac7] NF registered [Heartbeat:10s] (../src/nrf/nf-sm.c:190)
11/14 23:34:27.288: [nrf] INFO: [f80c8b6e-833d-41ee-87f2-ed26e7862859] Subscription created until 2023-11-15T23:34:27.288042+01:00 [validity_duration:86400] (../src/nrf/nnrf-handler.c:334)
11/14 23:34:27.288: [nrf] INFO: [f80ca2f2-833d-41ee-87f2-ed26e7862859] Subscription created until 2023-11-15T23:34:27.288575+01:00 [validity_duration:86400] (../src/nrf/nnrf-handler.c:334)
11/14 23:34:27.289: [nrf] INFO: [f80cb382-833d-41ee-87f2-ed26e7862859] Subscription created until 2023-11-15T23:34:27.288982+01:00 [validity_duration:86400] (../src/nrf/nnrf-handler.c:334)
11/14 23:34:27.289: [nrf] INFO: [f80cc9ee-833d-41ee-87f2-ed26e7862859] Subscription created until 2023-11-15T23:34:27.289555+01:00 [validity_duration:86400] (../src/nrf/nnrf-handler.c:334)
11/14 23:34:27.289: [nrf] INFO: [f80cd54c-833d-41ee-87f2-ed26e7862859] Subscription created until 2023-11-15T23:34:27.289846+01:00 [validity_duration:86400] (../src/nrf/nnrf-handler.c:334)
11/14 23:34:27.290: [nrf] INFO: [f80ce23a-833d-41ee-87f2-ed26e7862859] Subscription created until 2023-11-15T23:34:27.290192+01:00 [validity_duration:86400] (../src/nrf/nnrf-handler.c:334)
11/14 23:34:35.680: [nrf] INFO: [fd0bb63a-833d-41ee-b156-9f54b9b503d1] NF registered [Heartbeat:10s] (../src/nrf/nf-sm.c:190)
11/14 23:34:35.683: [nrf] INFO: [fd0d98ba-833d-41ee-87f2-ed26e7862859] Subscription created until 2023-11-15T23:34:35.683487+01:00 [validity_duration:86400] (../src/nrf/nnrf-handler.c:334)
11/14 23:34:35.684: [nrf] INFO: [fd0dadb4-833d-41ee-87f2-ed26e7862859] Subscription created until 2023-11-15T23:34:35.683993+01:00 [validity_duration:86400] (../src/nrf/nnrf-handler.c:334)
11/14 23:34:36.250: [nrf] INFO: [fd63bed4-833d-41ee-ad2e-bd5d3739decd] NF registered [Heartbeat:10s] (../src/nrf/nf-sm.c:190)
11/14 23:34:36.264: [nrf] INFO: [fd65a6ea-833d-41ee-8016-116d497a7ba5] NF registered [Heartbeat:10s] (../src/nrf/nf-sm.c:190)
11/14 23:39:58.448: [nrf] WARNING: [f80b39a8-833d-41ee-b188-05b64a904ac7] No heartbeat (../src/nrf/nrf-sm.c:261)
11/14 23:39:58.448: [nrf] INFO: [f80b39a8-833d-41ee-b188-05b64a904ac7] NF de-registered (../src/nrf/nf-sm.c:205)
11/14 23:40:06.832: [nrf] WARNING: [fd0bb63a-833d-41ee-b156-9f54b9b503d1] No heartbeat (../src/nrf/nrf-sm.c:261)
11/14 23:40:06.832: [nrf] INFO: [fd0bb63a-833d-41ee-b156-9f54b9b503d1] NF de-registered (../src/nrf/nf-sm.c:205)
11/14 23:40:06.935: [nrf] WARNING: [f70c3534-833d-41ee-a53b-7912e2c4f2ae] No heartbeat (../src/nrf/nrf-sm.c:261)
11/14 23:40:06.936: [nrf] INFO: [f70c3534-833d-41ee-a53b-7912e2c4f2ae] NF de-registered (../src/nrf/nf-sm.c:205)
11/14 23:40:07.201: [nrf] WARNING: [f733784c-833d-41ee-9dcd-4b82b0f30ec5] No heartbeat (../src/nrf/nrf-sm.c:261)
11/14 23:40:07.201: [nrf] INFO: [f733784c-833d-41ee-9dcd-4b82b0f30ec5] NF de-registered (../src/nrf/nf-sm.c:205)
11/14 23:40:07.552: [nrf] WARNING: [fd63bed4-833d-41ee-ad2e-bd5d3739decd] No heartbeat (../src/nrf/nrf-sm.c:261)
11/14 23:40:07.553: [nrf] INFO: [fd63bed4-833d-41ee-ad2e-bd5d3739decd] NF de-registered (../src/nrf/nf-sm.c:205)
11/14 23:40:07.569: [nrf] WARNING: [fd65a6ea-833d-41ee-8016-116d497a7ba5] No heartbeat (../src/nrf/nrf-sm.c:261)
11/14 23:40:07.569: [nrf] INFO: [fd65a6ea-833d-41ee-8016-116d497a7ba5] NF de-registered (../src/nrf/nf-sm.c:205)
