Open5GS daemon v2.6.4-78-g7f08873

11/14 23:08:33.410: [app] INFO: Configuration: '/open5gs/install/etc/open5gs/scp.yaml' (../lib/app/ogs-init.c:126)
11/14 23:08:33.411: [app] INFO: File Logging: '/open5gs/install/var/log/open5gs/scp.log' (../lib/app/ogs-init.c:129)
11/14 23:08:33.415: [sbi] INFO: nghttp2_server() [http://172.22.0.35]:7777 (../lib/sbi/nghttp2-server.c:395)
11/14 23:08:33.415: [app] INFO: SCP initialize...done (../src/scp/app.c:31)
11/14 23:08:44.414: [sbi] WARNING: [59de4c5a-833a-41ee-b4b1-69906d2ba74d] Retry to registration with NRF (../lib/sbi/nf-sm.c:175)
11/14 23:08:44.415: [sbi] ERROR: Connection timer expired (../lib/sbi/client.c:533)
11/14 23:08:44.457: [sbi] WARNING: ogs_sbi_client_handler() failed [-3] (../lib/sbi/path.c:59)
11/14 23:08:55.415: [sbi] WARNING: [59de4c5a-833a-41ee-b4b1-69906d2ba74d] Retry to registration with NRF (../lib/sbi/nf-sm.c:175)
11/14 23:08:55.415: [sbi] ERROR: Connection timer expired (../lib/sbi/client.c:533)
11/14 23:08:55.415: [sbi] WARNING: ogs_sbi_client_handler() failed [-3] (../lib/sbi/path.c:59)
11/14 23:09:06.415: [sbi] WARNING: [59de4c5a-833a-41ee-b4b1-69906d2ba74d] Retry to registration with NRF (../lib/sbi/nf-sm.c:175)
11/14 23:09:06.415: [sbi] ERROR: Connection timer expired (../lib/sbi/client.c:533)
11/14 23:09:06.416: [sbi] WARNING: ogs_sbi_client_handler() failed [-3] (../lib/sbi/path.c:59)
11/14 23:09:17.415: [sbi] WARNING: [59de4c5a-833a-41ee-b4b1-69906d2ba74d] Retry to registration with NRF (../lib/sbi/nf-sm.c:175)
11/14 23:09:17.416: [sbi] ERROR: Connection timer expired (../lib/sbi/client.c:533)
11/14 23:09:17.416: [sbi] WARNING: ogs_sbi_client_handler() failed [-3] (../lib/sbi/path.c:59)
11/14 23:09:28.416: [sbi] WARNING: [59de4c5a-833a-41ee-b4b1-69906d2ba74d] Retry to registration with NRF (../lib/sbi/nf-sm.c:175)
11/14 23:09:28.416: [sbi] ERROR: Connection timer expired (../lib/sbi/client.c:533)
11/14 23:09:28.416: [sbi] WARNING: ogs_sbi_client_handler() failed [-3] (../lib/sbi/path.c:59)
11/14 23:09:39.416: [sbi] WARNING: [59de4c5a-833a-41ee-b4b1-69906d2ba74d] Retry to registration with NRF (../lib/sbi/nf-sm.c:175)
11/14 23:09:39.416: [sbi] ERROR: Connection timer expired (../lib/sbi/client.c:533)
11/14 23:09:39.417: [sbi] WARNING: ogs_sbi_client_handler() failed [-3] (../lib/sbi/path.c:59)
11/14 23:09:50.416: [sbi] WARNING: [59de4c5a-833a-41ee-b4b1-69906d2ba74d] Retry to registration with NRF (../lib/sbi/nf-sm.c:175)
11/14 23:09:50.417: [sbi] ERROR: Connection timer expired (../lib/sbi/client.c:533)
11/14 23:09:50.417: [sbi] WARNING: ogs_sbi_client_handler() failed [-3] (../lib/sbi/path.c:59)
11/14 23:10:01.417: [sbi] WARNING: [59de4c5a-833a-41ee-b4b1-69906d2ba74d] Retry to registration with NRF (../lib/sbi/nf-sm.c:175)
11/14 23:10:01.417: [sbi] ERROR: Connection timer expired (../lib/sbi/client.c:533)
11/14 23:10:01.417: [sbi] WARNING: ogs_sbi_client_handler() failed [-3] (../lib/sbi/path.c:59)
Open5GS daemon v2.6.4-78-g7f08873

11/14 23:29:28.222: [app] INFO: Configuration: '/open5gs/install/etc/open5gs/scp.yaml' (../lib/app/ogs-init.c:126)
11/14 23:29:28.223: [app] INFO: File Logging: '/open5gs/install/var/log/open5gs/scp.log' (../lib/app/ogs-init.c:129)
11/14 23:29:28.226: [sbi] INFO: nghttp2_server() [http://172.22.0.35]:7777 (../lib/sbi/nghttp2-server.c:395)
11/14 23:29:28.226: [app] INFO: SCP initialize...done (../src/scp/app.c:31)
11/14 23:29:39.226: [sbi] WARNING: [45cb42ec-833d-41ee-9877-17f75e6876de] Retry to registration with NRF (../lib/sbi/nf-sm.c:175)
11/14 23:29:39.226: [sbi] ERROR: Connection timer expired (../lib/sbi/client.c:533)
11/14 23:29:39.226: [sbi] WARNING: ogs_sbi_client_handler() failed [-3] (../lib/sbi/path.c:59)
11/14 23:29:50.225: [sbi] WARNING: [45cb42ec-833d-41ee-9877-17f75e6876de] Retry to registration with NRF (../lib/sbi/nf-sm.c:175)
11/14 23:29:50.226: [sbi] ERROR: Connection timer expired (../lib/sbi/client.c:533)
11/14 23:29:50.226: [sbi] WARNING: ogs_sbi_client_handler() failed [-3] (../lib/sbi/path.c:59)
11/14 23:30:01.226: [sbi] WARNING: [45cb42ec-833d-41ee-9877-17f75e6876de] Retry to registration with NRF (../lib/sbi/nf-sm.c:175)
11/14 23:30:01.226: [sbi] ERROR: Connection timer expired (../lib/sbi/client.c:533)
11/14 23:30:01.226: [sbi] WARNING: ogs_sbi_client_handler() failed [-3] (../lib/sbi/path.c:59)
11/14 23:30:12.227: [sbi] WARNING: [45cb42ec-833d-41ee-9877-17f75e6876de] Retry to registration with NRF (../lib/sbi/nf-sm.c:175)
11/14 23:30:12.227: [sbi] ERROR: Connection timer expired (../lib/sbi/client.c:533)
11/14 23:30:12.227: [sbi] WARNING: ogs_sbi_client_handler() failed [-3] (../lib/sbi/path.c:59)
11/14 23:30:23.227: [sbi] WARNING: [45cb42ec-833d-41ee-9877-17f75e6876de] Retry to registration with NRF (../lib/sbi/nf-sm.c:175)
11/14 23:30:23.227: [sbi] ERROR: Connection timer expired (../lib/sbi/client.c:533)
11/14 23:30:23.228: [sbi] WARNING: ogs_sbi_client_handler() failed [-3] (../lib/sbi/path.c:59)
11/14 23:30:34.227: [sbi] WARNING: [45cb42ec-833d-41ee-9877-17f75e6876de] Retry to registration with NRF (../lib/sbi/nf-sm.c:175)
11/14 23:30:34.228: [sbi] ERROR: Connection timer expired (../lib/sbi/client.c:533)
11/14 23:30:34.228: [sbi] WARNING: ogs_sbi_client_handler() failed [-3] (../lib/sbi/path.c:59)
11/14 23:30:45.227: [sbi] WARNING: [45cb42ec-833d-41ee-9877-17f75e6876de] Retry to registration with NRF (../lib/sbi/nf-sm.c:175)
11/14 23:30:45.227: [sbi] ERROR: Connection timer expired (../lib/sbi/client.c:533)
11/14 23:30:45.228: [sbi] WARNING: ogs_sbi_client_handler() failed [-3] (../lib/sbi/path.c:59)
11/14 23:30:56.227: [sbi] WARNING: [45cb42ec-833d-41ee-9877-17f75e6876de] Retry to registration with NRF (../lib/sbi/nf-sm.c:175)
11/14 23:30:56.228: [sbi] ERROR: Connection timer expired (../lib/sbi/client.c:533)
11/14 23:30:56.228: [sbi] WARNING: ogs_sbi_client_handler() failed [-3] (../lib/sbi/path.c:59)
11/14 23:31:07.228: [sbi] WARNING: [45cb42ec-833d-41ee-9877-17f75e6876de] Retry to registration with NRF (../lib/sbi/nf-sm.c:175)
11/14 23:31:07.228: [sbi] ERROR: Connection timer expired (../lib/sbi/client.c:533)
11/14 23:31:07.229: [sbi] WARNING: ogs_sbi_client_handler() failed [-3] (../lib/sbi/path.c:59)
11/14 23:31:18.229: [sbi] WARNING: [45cb42ec-833d-41ee-9877-17f75e6876de] Retry to registration with NRF (../lib/sbi/nf-sm.c:175)
11/14 23:31:18.229: [sbi] ERROR: Connection timer expired (../lib/sbi/client.c:533)
11/14 23:31:18.229: [sbi] WARNING: ogs_sbi_client_handler() failed [-3] (../lib/sbi/path.c:59)
11/14 23:31:29.229: [sbi] WARNING: [45cb42ec-833d-41ee-9877-17f75e6876de] Retry to registration with NRF (../lib/sbi/nf-sm.c:175)
11/14 23:31:29.229: [sbi] ERROR: Connection timer expired (../lib/sbi/client.c:533)
11/14 23:31:29.230: [sbi] WARNING: ogs_sbi_client_handler() failed [-3] (../lib/sbi/path.c:59)
Open5GS daemon v2.6.4-78-g7f08873

11/14 23:31:47.665: [app] INFO: Configuration: '/open5gs/install/etc/open5gs/scp.yaml' (../lib/app/ogs-init.c:126)
11/14 23:31:47.665: [app] INFO: File Logging: '/open5gs/install/var/log/open5gs/scp.log' (../lib/app/ogs-init.c:129)
11/14 23:31:47.668: [sbi] INFO: nghttp2_server() [http://172.22.0.35]:7777 (../lib/sbi/nghttp2-server.c:395)
11/14 23:31:47.668: [app] INFO: SCP initialize...done (../src/scp/app.c:31)
11/14 23:31:58.668: [sbi] WARNING: [98e872ba-833d-41ee-a437-e1367000ab8d] Retry to registration with NRF (../lib/sbi/nf-sm.c:175)
11/14 23:31:58.668: [sbi] ERROR: Connection timer expired (../lib/sbi/client.c:533)
11/14 23:31:58.668: [sbi] WARNING: ogs_sbi_client_handler() failed [-3] (../lib/sbi/path.c:59)
11/14 23:32:09.668: [sbi] WARNING: [98e872ba-833d-41ee-a437-e1367000ab8d] Retry to registration with NRF (../lib/sbi/nf-sm.c:175)
11/14 23:32:09.668: [sbi] ERROR: Connection timer expired (../lib/sbi/client.c:533)
11/14 23:32:09.669: [sbi] WARNING: ogs_sbi_client_handler() failed [-3] (../lib/sbi/path.c:59)
11/14 23:32:20.668: [sbi] WARNING: [98e872ba-833d-41ee-a437-e1367000ab8d] Retry to registration with NRF (../lib/sbi/nf-sm.c:175)
11/14 23:32:20.669: [sbi] ERROR: Connection timer expired (../lib/sbi/client.c:533)
11/14 23:32:20.669: [sbi] WARNING: ogs_sbi_client_handler() failed [-3] (../lib/sbi/path.c:59)
11/14 23:32:31.669: [sbi] WARNING: [98e872ba-833d-41ee-a437-e1367000ab8d] Retry to registration with NRF (../lib/sbi/nf-sm.c:175)
11/14 23:32:31.669: [sbi] ERROR: Connection timer expired (../lib/sbi/client.c:533)
11/14 23:32:31.669: [sbi] WARNING: ogs_sbi_client_handler() failed [-3] (../lib/sbi/path.c:59)
11/14 23:32:42.670: [sbi] WARNING: [98e872ba-833d-41ee-a437-e1367000ab8d] Retry to registration with NRF (../lib/sbi/nf-sm.c:175)
11/14 23:32:42.670: [sbi] ERROR: Connection timer expired (../lib/sbi/client.c:533)
11/14 23:32:42.670: [sbi] WARNING: ogs_sbi_client_handler() failed [-3] (../lib/sbi/path.c:59)
11/14 23:32:53.670: [sbi] WARNING: [98e872ba-833d-41ee-a437-e1367000ab8d] Retry to registration with NRF (../lib/sbi/nf-sm.c:175)
11/14 23:32:53.670: [sbi] ERROR: Connection timer expired (../lib/sbi/client.c:533)
11/14 23:32:53.671: [sbi] WARNING: ogs_sbi_client_handler() failed [-3] (../lib/sbi/path.c:59)
11/14 23:33:04.670: [sbi] WARNING: [98e872ba-833d-41ee-a437-e1367000ab8d] Retry to registration with NRF (../lib/sbi/nf-sm.c:175)
11/14 23:33:04.671: [sbi] ERROR: Connection timer expired (../lib/sbi/client.c:533)
11/14 23:33:04.671: [sbi] WARNING: ogs_sbi_client_handler() failed [-3] (../lib/sbi/path.c:59)
Open5GS daemon v2.6.4-78-g7f08873

11/14 23:34:22.101: [app] INFO: Configuration: '/open5gs/install/etc/open5gs/scp.yaml' (../lib/app/ogs-init.c:126)
11/14 23:34:22.102: [app] INFO: File Logging: '/open5gs/install/var/log/open5gs/scp.log' (../lib/app/ogs-init.c:129)
11/14 23:34:22.106: [sbi] INFO: nghttp2_server() [http://172.22.0.35]:7777 (../lib/sbi/nghttp2-server.c:395)
11/14 23:34:22.106: [app] INFO: SCP initialize...done (../src/scp/app.c:31)
11/14 23:34:22.109: [sbi] INFO: [f4f5ca62-833d-41ee-a67b-0bb455931fa1] NF registered [Heartbeat:10s] (../lib/sbi/nf-sm.c:214)
11/14 23:34:22.117: [sbi] INFO: [f4f6b080-833d-41ee-87f2-ed26e7862859] Subscription created until 2023-11-15T23:34:22.111662+01:00 [duration:86400,validity:86399.994576,patch:43199.997288] (../lib/sbi/nnrf-handler.c:509)
11/14 23:34:22.117: [sbi] INFO: [f4f6dc7c-833d-41ee-87f2-ed26e7862859] Subscription created until 2023-11-15T23:34:22.112687+01:00 [duration:86400,validity:86399.994966,patch:43199.997483] (../lib/sbi/nnrf-handler.c:509)
11/14 23:34:22.117: [sbi] INFO: [f4f6e898-833d-41ee-87f2-ed26e7862859] Subscription created until 2023-11-15T23:34:22.112995+01:00 [duration:86400,validity:86399.995009,patch:43199.997504] (../lib/sbi/nnrf-handler.c:509)
11/14 23:34:22.118: [sbi] INFO: [f4f6f658-833d-41ee-87f2-ed26e7862859] Subscription created until 2023-11-15T23:34:22.113349+01:00 [duration:86400,validity:86399.995023,patch:43199.997511] (../lib/sbi/nnrf-handler.c:509)
11/14 23:34:22.118: [sbi] INFO: [f4f702e2-833d-41ee-87f2-ed26e7862859] Subscription created until 2023-11-15T23:34:22.113672+01:00 [duration:86400,validity:86399.995070,patch:43199.997535] (../lib/sbi/nnrf-handler.c:509)
11/14 23:34:22.118: [sbi] INFO: [f4f71160-833d-41ee-87f2-ed26e7862859] Subscription created until 2023-11-15T23:34:22.114039+01:00 [duration:86400,validity:86399.995055,patch:43199.997527] (../lib/sbi/nnrf-handler.c:509)
11/14 23:34:22.119: [sbi] INFO: [f4f71bce-833d-41ee-87f2-ed26e7862859] Subscription created until 2023-11-15T23:34:22.114319+01:00 [duration:86400,validity:86399.995065,patch:43199.997532] (../lib/sbi/nnrf-handler.c:509)
11/14 23:34:22.119: [sbi] INFO: [f4f72a56-833d-41ee-87f2-ed26e7862859] Subscription created until 2023-11-15T23:34:22.114679+01:00 [duration:86400,validity:86399.995106,patch:43199.997553] (../lib/sbi/nnrf-handler.c:509)
11/14 23:34:25.612: [sbi] INFO: [f70c3534-833d-41ee-a53b-7912e2c4f2ae] (NRF-notify) NF registered (../lib/sbi/nnrf-handler.c:725)
11/14 23:34:25.612: [sbi] INFO: [f70c3534-833d-41ee-a53b-7912e2c4f2ae] (NRF-notify) NF Profile updated (../lib/sbi/nnrf-handler.c:735)
11/14 23:34:25.868: [sbi] INFO: [f733784c-833d-41ee-9dcd-4b82b0f30ec5] (NRF-notify) NF registered (../lib/sbi/nnrf-handler.c:725)
11/14 23:34:25.869: [sbi] INFO: [f733784c-833d-41ee-9dcd-4b82b0f30ec5] (NRF-notify) NF Profile updated (../lib/sbi/nnrf-handler.c:735)
11/14 23:34:27.286: [sbi] INFO: [f80b39a8-833d-41ee-b188-05b64a904ac7] (NRF-notify) NF registered (../lib/sbi/nnrf-handler.c:725)
11/14 23:34:27.286: [sbi] INFO: [f80b39a8-833d-41ee-b188-05b64a904ac7] (NRF-notify) NF Profile updated (../lib/sbi/nnrf-handler.c:735)
11/14 23:34:35.681: [sbi] INFO: [fd0bb63a-833d-41ee-b156-9f54b9b503d1] (NRF-notify) NF registered (../lib/sbi/nnrf-handler.c:725)
11/14 23:34:35.681: [sbi] INFO: [fd0bb63a-833d-41ee-b156-9f54b9b503d1] (NRF-notify) NF Profile updated (../lib/sbi/nnrf-handler.c:735)
11/14 23:34:36.251: [sbi] INFO: [fd63bed4-833d-41ee-ad2e-bd5d3739decd] (NRF-notify) NF registered (../lib/sbi/nnrf-handler.c:725)
11/14 23:34:36.252: [sbi] INFO: [fd63bed4-833d-41ee-ad2e-bd5d3739decd] (NRF-notify) NF Profile updated (../lib/sbi/nnrf-handler.c:735)
11/14 23:34:36.265: [sbi] INFO: [fd65a6ea-833d-41ee-8016-116d497a7ba5] (NRF-notify) NF registered (../lib/sbi/nnrf-handler.c:725)
11/14 23:34:36.265: [sbi] INFO: [fd65a6ea-833d-41ee-8016-116d497a7ba5] (NRF-notify) NF Profile updated (../lib/sbi/nnrf-handler.c:735)
11/14 23:39:58.449: [sbi] INFO: [f80b39a8-833d-41ee-b188-05b64a904ac7:1] NF removed (../lib/sbi/nnrf-handler.c:750)
11/14 23:40:06.833: [sbi] INFO: [fd0bb63a-833d-41ee-b156-9f54b9b503d1:1] NF removed (../lib/sbi/nnrf-handler.c:750)
11/14 23:40:06.936: [sbi] INFO: [f70c3534-833d-41ee-a53b-7912e2c4f2ae:1] NF removed (../lib/sbi/nnrf-handler.c:750)
11/14 23:40:07.202: [sbi] INFO: [f733784c-833d-41ee-9dcd-4b82b0f30ec5:1] NF removed (../lib/sbi/nnrf-handler.c:750)
11/14 23:40:07.553: [sbi] INFO: [fd63bed4-833d-41ee-ad2e-bd5d3739decd:1] NF removed (../lib/sbi/nnrf-handler.c:750)
11/14 23:40:07.570: [sbi] INFO: [fd65a6ea-833d-41ee-8016-116d497a7ba5:1] NF removed (../lib/sbi/nnrf-handler.c:750)
